[   335.823] _XSERVTransSocketUNIXCreateListener: ...SocketCreateListener() failed
[   335.823] _XSERVTransMakeAllCOTSServerListeners: server already running
[   335.824] (--) Log file renamed from "/home/zatsando/.local/share/xorg/Xorg.pid-4820.log" to "/home/zatsando/.local/share/xorg/Xorg.1.log"
[   335.824] 
X.Org X Server 1.21.1.4
X Protocol Version 11, Revision 0
[   335.824] Current Operating System: Linux pop-os 6.4.6-76060406-generic #202307241739~1690928105~22.04~d567a38 SMP PREEMPT_DYNAMIC Tue A x86_64
[   335.824] Kernel command line: BOOT_IMAGE=/boot/vmlinuz-6.4.6-76060406-generic root=UUID=800f28cb-e2a0-4cf4-ab53-88a84581bad1 ro quiet splash
[   335.824] xorg-server 2:21.1.4-2ubuntu1.7~22.04.1 (For technical support please see http://www.ubuntu.com/support) 
[   335.824] Current version of pixman: 0.40.0
[   335.824] 	Before reporting problems, check http://wiki.x.org
	to make sure that you have the latest version.
[   335.824] Markers: (--) probed, (**) from config file, (==) default setting,
	(++) from command line, (!!) notice, (II) informational,
	(WW) warning, (EE) error, (NI) not implemented, (??) unknown.
[   335.824] (==) Log file: "/home/zatsando/.local/share/xorg/Xorg.1.log", Time: Wed Aug  9 12:18:05 2023
[   335.825] (==) Using system config directory "/usr/share/X11/xorg.conf.d"
[   335.825] (==) No Layout section.  Using the first Screen section.
[   335.825] (==) No screen section available. Using defaults.
[   335.825] (**) |-->Screen "Default Screen Section" (0)
[   335.825] (**) |   |-->Monitor "<default monitor>"
[   335.825] (==) No monitor specified for screen "Default Screen Section".
	Using a default monitor configuration.
[   335.825] (**) Option "BlankTime" "0"
[   335.825] (**) Option "StandbyTime" "0"
[   335.825] (**) Option "SuspendTime" "0"
[   335.825] (**) Option "OffTime" "0"
[   335.825] (==) Automatically adding devices
[   335.825] (==) Automatically enabling devices
[   335.825] (==) Automatically adding GPU devices
[   335.825] (==) Automatically binding GPU devices
[   335.825] (==) Max clients allowed: 256, resource mask: 0x1fffff
[   335.825] (WW) The directory "/usr/share/fonts/X11/cyrillic" does not exist.
[   335.825] 	Entry deleted from font path.
[   335.825] (WW) The directory "/usr/share/fonts/X11/100dpi/" does not exist.
[   335.825] 	Entry deleted from font path.
[   335.825] (WW) The directory "/usr/share/fonts/X11/75dpi/" does not exist.
[   335.825] 	Entry deleted from font path.
[   335.825] (WW) The directory "/usr/share/fonts/X11/100dpi" does not exist.
[   335.825] 	Entry deleted from font path.
[   335.825] (WW) The directory "/usr/share/fonts/X11/75dpi" does not exist.
[   335.825] 	Entry deleted from font path.
[   335.825] (==) FontPath set to:
	/usr/share/fonts/X11/misc,
	/usr/share/fonts/X11/Type1,
	built-ins
[   335.825] (==) ModulePath set to "/usr/lib/xorg/modules"
[   335.825] (II) The server relies on udev to provide the list of input devices.
	If no devices become available, reconfigure udev or disable AutoAddDevices.
[   335.825] (II) Loader magic: 0x5654227a5020
[   335.825] (II) Module ABI versions:
[   335.825] 	X.Org ANSI C Emulation: 0.4
[   335.825] 	X.Org Video Driver: 25.2
[   335.825] 	X.Org XInput driver : 24.4
[   335.825] 	X.Org Server Extension : 10.0
[   335.826] (++) using VT number 2

[   335.829] (II) systemd-logind: took control of session /org/freedesktop/login1/session/_36
[   335.832] (II) xfree86: Adding drm device (/dev/dri/card0)
[   335.832] (II) Platform probe for /sys/devices/pci0000:00/0000:00:02.0/drm/card0
[   335.833] (II) systemd-logind: got fd for /dev/dri/card0 226:0 fd 15 paused 0
[   335.835] (--) PCI:*(0@0:2:0) 15ad:0405:15ad:0405 rev 0, Mem @ 0xe0000000/134217728, 0xf0000000/2097152, I/O @ 0x0000d010/16, BIOS @ 0x????????/131072
[   335.835] (II) LoadModule: "glx"
[   335.835] (II) Loading /usr/lib/xorg/modules/extensions/libglx.so
[   335.836] (II) Module glx: vendor="X.Org Foundation"
[   335.836] 	compiled for 1.21.1.4, module version = 1.0.0
[   335.836] 	ABI class: X.Org Server Extension, version 10.0
[   335.836] (==) Matched vmware as autoconfigured driver 0
[   335.836] (==) Matched modesetting as autoconfigured driver 1
[   335.836] (==) Matched fbdev as autoconfigured driver 2
[   335.836] (==) Matched vesa as autoconfigured driver 3
[   335.836] (==) Assigned the driver to the xf86ConfigLayout
[   335.836] (II) LoadModule: "vmware"
[   335.836] (II) Loading /usr/lib/xorg/modules/drivers/vmware_drv.so
[   335.857] (II) Module vmware: vendor="X.Org Foundation"
[   335.857] 	compiled for 1.21.1.3, module version = 13.3.0
[   335.857] 	Module class: X.Org Video Driver
[   335.857] 	ABI class: X.Org Video Driver, version 25.2
[   335.857] (II) LoadModule: "modesetting"
[   335.857] (II) Loading /usr/lib/xorg/modules/drivers/modesetting_drv.so
[   335.857] (II) Module modesetting: vendor="X.Org Foundation"
[   335.857] 	compiled for 1.21.1.4, module version = 1.21.1
[   335.857] 	Module class: X.Org Video Driver
[   335.857] 	ABI class: X.Org Video Driver, version 25.2
[   335.857] (II) LoadModule: "fbdev"
[   335.857] (II) Loading /usr/lib/xorg/modules/drivers/fbdev_drv.so
[   335.857] (II) Module fbdev: vendor="X.Org Foundation"
[   335.857] 	compiled for 1.21.1.3, module version = 0.5.0
[   335.857] 	Module class: X.Org Video Driver
[   335.857] 	ABI class: X.Org Video Driver, version 25.2
[   335.857] (II) LoadModule: "vesa"
[   335.857] (II) Loading /usr/lib/xorg/modules/drivers/vesa_drv.so
[   335.858] (II) Module vesa: vendor="X.Org Foundation"
[   335.858] 	compiled for 1.21.1.3, module version = 2.5.0
[   335.858] 	Module class: X.Org Video Driver
[   335.858] 	ABI class: X.Org Video Driver, version 25.2
[   335.858] (II) vmware: driver for VMware SVGA: vmware0405, vmware0710
[   335.858] (II) modesetting: Driver for Modesetting Kernel Drivers: kms
[   335.858] (II) FBDEV: driver for framebuffer: fbdev
[   335.858] (II) VESA: driver for VESA chipsets: vesa
[   335.858] xf86EnableIO: failed to enable I/O ports 0000-03ff (Operation not permitted)
[   335.858] (WW) Falling back to old probe method for modesetting
[   335.858] (WW) Falling back to old probe method for fbdev
[   335.858] (II) Loading sub module "fbdevhw"
[   335.858] (II) LoadModule: "fbdevhw"
[   335.858] (II) Loading /usr/lib/xorg/modules/libfbdevhw.so
[   335.858] (II) Module fbdevhw: vendor="X.Org Foundation"
[   335.858] 	compiled for 1.21.1.4, module version = 0.0.2
[   335.858] 	ABI class: X.Org Video Driver, version 25.2
[   335.858] (EE) open /dev/fb0: Permission denied
[   335.858] (WW) VGA arbiter: cannot open kernel arbiter, no multi-card support
[   335.858] (II) vmware(0): Creating default Display subsection in Screen section
	"Default Screen Section" for depth/fbbpp 24/32
[   335.858] (--) vmware(0): DRM driver version is 2.20.0
[   335.858] (==) vmware(0): Depth 24, (--) framebuffer bpp 32
[   335.858] (==) vmware(0): RGB weight 888
[   335.858] (==) vmware(0): Default visual is TrueColor
[   335.858] (--) vmware(0): Min width 1, Max Width 8192.
[   335.858] (--) vmware(0): Min height 1, Max Height 8192.
[   335.858] (II) vmware(0): Output Virtual1 has no monitor section
[   335.858] (II) vmware(0): Output Virtual2 has no monitor section
[   335.858] (II) vmware(0): Output Virtual3 has no monitor section
[   335.858] (II) vmware(0): Output Virtual4 has no monitor section
[   335.858] (II) vmware(0): Output Virtual5 has no monitor section
[   335.858] (II) vmware(0): Output Virtual6 has no monitor section
[   335.858] (II) vmware(0): Output Virtual7 has no monitor section
[   335.858] (II) vmware(0): Output Virtual8 has no monitor section
[   335.858] (II) vmware(0): Printing probed modes for output Virtual1
[   335.858] (II) vmware(0): Modeline "1280x800"x60.0   81.51  1280 1330 1380 1430  800 850 900 950 -hsync +vsync (57.0 kHz eP)
[   335.858] (II) vmware(0): Modeline "3840x2400"x60.0  592.25  3840 3888 3920 4000  2400 2403 2409 2469 +hsync -vsync (148.1 kHz e)
[   335.858] (II) vmware(0): Modeline "3840x2160"x60.0  533.00  3840 3888 3920 4000  2160 2163 2168 2222 +hsync -vsync (133.2 kHz e)
[   335.858] (II) vmware(0): Modeline "2880x1800"x59.9  337.50  2880 2928 2960 3040  1800 1803 1809 1852 +hsync -vsync (111.0 kHz e)
[   335.858] (II) vmware(0): Modeline "2560x1600"x60.0  348.50  2560 2752 3032 3504  1600 1603 1609 1658 -hsync +vsync (99.5 kHz e)
[   335.858] (II) vmware(0): Modeline "2560x1440"x60.0  241.50  2560 2608 2640 2720  1440 1443 1448 1481 +hsync -vsync (88.8 kHz e)
[   335.858] (II) vmware(0): Modeline "1920x1440"x60.0  234.00  1920 2048 2256 2600  1440 1441 1444 1500 -hsync +vsync (90.0 kHz e)
[   335.858] (II) vmware(0): Modeline "1856x1392"x60.0  218.25  1856 1952 2176 2528  1392 1393 1396 1439 -hsync +vsync (86.3 kHz e)
[   335.858] (II) vmware(0): Modeline "1792x1344"x60.0  204.75  1792 1920 2120 2448  1344 1345 1348 1394 -hsync +vsync (83.6 kHz e)
[   335.858] (II) vmware(0): Modeline "1920x1200"x59.9  193.25  1920 2056 2256 2592  1200 1203 1209 1245 -hsync +vsync (74.6 kHz e)
[   335.858] (II) vmware(0): Modeline "1920x1080"x60.0  173.00  1920 2048 2248 2576  1080 1083 1088 1120 -hsync +vsync (67.2 kHz e)
[   335.858] (II) vmware(0): Modeline "1600x1200"x60.0  162.00  1600 1664 1856 2160  1200 1201 1204 1250 +hsync +vsync (75.0 kHz e)
[   335.858] (II) vmware(0): Modeline "1680x1050"x60.0  146.25  1680 1784 1960 2240  1050 1053 1059 1089 -hsync +vsync (65.3 kHz e)
[   335.858] (II) vmware(0): Modeline "1400x1050"x60.0  121.75  1400 1488 1632 1864  1050 1053 1057 1089 -hsync +vsync (65.3 kHz e)
[   335.858] (II) vmware(0): Modeline "1280x1024"x60.0  108.00  1280 1328 1440 1688  1024 1025 1028 1066 +hsync +vsync (64.0 kHz e)
[   335.858] (II) vmware(0): Modeline "1440x900"x59.9  106.50  1440 1520 1672 1904  900 903 909 934 -hsync +vsync (55.9 kHz e)
[   335.858] (II) vmware(0): Modeline "1280x960"x60.0  108.00  1280 1376 1488 1800  960 961 964 1000 +hsync +vsync (60.0 kHz e)
[   335.858] (II) vmware(0): Modeline "1360x768"x60.0   85.50  1360 1424 1536 1792  768 771 777 795 +hsync +vsync (47.7 kHz e)
[   335.858] (II) vmware(0): Modeline "1280x800"x59.8   83.50  1280 1352 1480 1680  800 803 809 831 +hsync -vsync (49.7 kHz e)
[   335.858] (II) vmware(0): Modeline "1152x864"x75.0  108.00  1152 1216 1344 1600  864 865 868 900 +hsync +vsync (67.5 kHz e)
[   335.858] (II) vmware(0): Modeline "1280x768"x59.9   79.50  1280 1344 1472 1664  768 771 778 798 -hsync +vsync (47.8 kHz e)
[   335.858] (II) vmware(0): Modeline "1280x720"x59.9   74.50  1280 1344 1472 1664  720 723 728 748 -hsync +vsync (44.8 kHz e)
[   335.858] (II) vmware(0): Modeline "1024x768"x60.0   65.00  1024 1048 1184 1344  768 771 777 806 -hsync -vsync (48.4 kHz e)
[   335.858] (II) vmware(0): Modeline "800x600"x60.3   40.00  800 840 968 1056  600 601 605 628 +hsync +vsync (37.9 kHz e)
[   335.858] (II) vmware(0): Modeline "640x480"x59.9   25.18  640 656 752 800  480 489 492 525 -hsync -vsync (31.5 kHz e)
[   335.859] (II) vmware(0): EDID for output Virtual2
[   335.859] (II) vmware(0): EDID for output Virtual3
[   335.859] (II) vmware(0): EDID for output Virtual4
[   335.859] (II) vmware(0): EDID for output Virtual5
[   335.859] (II) vmware(0): EDID for output Virtual6
[   335.859] (II) vmware(0): EDID for output Virtual7
[   335.859] (II) vmware(0): EDID for output Virtual8
[   335.859] (II) vmware(0): Output Virtual1 connected
[   335.859] (II) vmware(0): Output Virtual2 disconnected
[   335.859] (II) vmware(0): Output Virtual3 disconnected
[   335.859] (II) vmware(0): Output Virtual4 disconnected
[   335.859] (II) vmware(0): Output Virtual5 disconnected
[   335.859] (II) vmware(0): Output Virtual6 disconnected
[   335.859] (II) vmware(0): Output Virtual7 disconnected
[   335.859] (II) vmware(0): Output Virtual8 disconnected
[   335.859] (II) vmware(0): Using exact sizes for initial modes
[   335.859] (II) vmware(0): Output Virtual1 using initial mode 1280x800 +0+0
[   335.859] (==) vmware(0): DPI set to (96, 96)
[   335.859] (==) vmware(0): Using gamma correction (1.0, 1.0, 1.0)
[   335.859] (II) Loading sub module "fb"
[   335.859] (II) LoadModule: "fb"
[   335.859] (II) Module "fb" already built-in
[   335.859] (II) Loading sub module "dri2"
[   335.859] (II) LoadModule: "dri2"
[   335.859] (II) Module "dri2" already built-in
[   335.859] (II) Loading sub module "dri3"
[   335.859] (II) LoadModule: "dri3"
[   335.859] (II) Module "dri3" already built-in
[   335.859] (II) UnloadModule: "modesetting"
[   335.859] (II) Unloading modesetting
[   335.859] (II) UnloadModule: "fbdev"
[   335.859] (II) Unloading fbdev
[   335.859] (II) UnloadSubModule: "fbdevhw"
[   335.859] (II) Unloading fbdevhw
[   335.859] (II) UnloadModule: "vesa"
[   335.859] (II) Unloading vesa
[   335.859] (II) vmware(0): Initialized VMWARE_CTRL extension version 0.2
[   335.860] (WW) vmware(0): Failed to initialize Gallium3D Xa. No render acceleration available.
[   335.860] (WW) vmware(0): Skipped initialization of direct rendering due to lack of render acceleration.
[   335.860] (--) vmware(0): Render acceleration is disabled.
[   335.860] (==) vmware(0): Rendercheck mode is disabled.
[   335.860] (--) vmware(0): Direct rendering (DRI2 3D) is disabled.
[   335.860] (--) vmware(0): Direct rendering (DRI3 3D) is disabled.
[   335.860] (==) vmware(0): Backing store enabled
[   335.860] (==) vmware(0): Silken mouse enabled
[   335.861] (==) vmware(0): DPMS enabled
[   335.861] (II) vmware(0): No 3D acceleration. Not setting up textured video.
[   335.861] (WW) vmware(0): Disabling Xv because no adaptors could be initialized.
[   335.861] (II) Initializing extension Generic Event Extension
[   335.861] (II) Initializing extension SHAPE
[   335.861] (II) Initializing extension MIT-SHM
[   335.861] (II) Initializing extension XInputExtension
[   335.861] (II) Initializing extension XTEST
[   335.861] (II) Initializing extension BIG-REQUESTS
[   335.861] (II) Initializing extension SYNC
[   335.861] (II) Initializing extension XKEYBOARD
[   335.861] (II) Initializing extension XC-MISC
[   335.861] (II) Initializing extension SECURITY
[   335.862] (II) Initializing extension XFIXES
[   335.862] (II) Initializing extension RENDER
[   335.862] (II) Initializing extension RANDR
[   335.862] (II) Initializing extension COMPOSITE
[   335.862] (II) Initializing extension DAMAGE
[   335.862] (II) Initializing extension MIT-SCREEN-SAVER
[   335.862] (II) Initializing extension DOUBLE-BUFFER
[   335.862] (II) Initializing extension RECORD
[   335.862] (II) Initializing extension DPMS
[   335.862] (II) Initializing extension Present
[   335.862] (II) Initializing extension DRI3
[   335.862] (II) Initializing extension X-Resource
[   335.862] (II) Initializing extension XVideo
[   335.863] (II) Initializing extension XVideo-MotionCompensation
[   335.863] (II) Initializing extension SELinux
[   335.863] (II) SELinux: Disabled on system
[   335.863] (II) Initializing extension GLX
[   335.863] (II) AIGLX: Screen 0 is not DRI2 capable
[   335.871] (II) IGLX: Loaded and initialized swrast
[   335.871] (II) GLX: Initialized DRISWRAST GL provider for screen 0
[   335.871] (II) Initializing extension XFree86-VidModeExtension
[   335.871] (II) Initializing extension XFree86-DGA
[   335.871] (II) Initializing extension XFree86-DRI
[   335.871] (II) Initializing extension DRI2
[   335.876] (II) vmware(0): Setting screen physical size to 338 x 211
[   335.919] (II) config/udev: Adding input device Power Button (/dev/input/event0)
[   335.920] (**) Power Button: Applying InputClass "libinput keyboard catchall"
[   335.920] (II) LoadModule: "libinput"
[   335.920] (II) Loading /usr/lib/xorg/modules/input/libinput_drv.so
[   335.922] (II) Module libinput: vendor="X.Org Foundation"
[   335.922] 	compiled for 1.20.14, module version = 1.2.1
[   335.922] 	Module class: X.Org XInput Driver
[   335.923] 	ABI class: X.Org XInput driver, version 24.1
[   335.923] (II) Using input driver 'libinput' for 'Power Button'
[   335.924] (II) systemd-logind: got fd for /dev/input/event0 13:64 fd 23 paused 0
[   335.924] (**) Power Button: always reports core events
[   335.924] (**) Option "Device" "/dev/input/event0"
[   335.926] (II) event0  - Power Button: is tagged by udev as: Keyboard
[   335.927] (II) event0  - Power Button: device is a keyboard
[   335.927] (II) event0  - Power Button: device removed
[   335.927] (**) Option "config_info" "udev:/sys/devices/LNXSYSTM:00/LNXPWRBN:00/input/input0/event0"
[   335.927] (II) XINPUT: Adding extended input device "Power Button" (type: KEYBOARD, id 6)
[   335.927] (**) Option "xkb_layout" "us"
[   335.928] (II) event0  - Power Button: is tagged by udev as: Keyboard
[   335.929] (II) event0  - Power Button: device is a keyboard
[   335.929] (II) config/udev: Adding input device Sleep Button (/dev/input/event1)
[   335.930] (**) Sleep Button: Applying InputClass "libinput keyboard catchall"
[   335.930] (II) Using input driver 'libinput' for 'Sleep Button'
[   335.931] (II) systemd-logind: got fd for /dev/input/event1 13:65 fd 26 paused 0
[   335.931] (**) Sleep Button: always reports core events
[   335.931] (**) Option "Device" "/dev/input/event1"
[   335.932] (II) event1  - Sleep Button: is tagged by udev as: Keyboard
[   335.932] (II) event1  - Sleep Button: device is a keyboard
[   335.932] (II) event1  - Sleep Button: device removed
[   335.932] (**) Option "config_info" "udev:/sys/devices/LNXSYSTM:00/LNXSLPBN:00/input/input1/event1"
[   335.932] (II) XINPUT: Adding extended input device "Sleep Button" (type: KEYBOARD, id 7)
[   335.932] (**) Option "xkb_layout" "us"
[   335.934] (II) event1  - Sleep Button: is tagged by udev as: Keyboard
[   335.934] (II) event1  - Sleep Button: device is a keyboard
[   335.934] (II) config/udev: Adding input device Video Bus (/dev/input/event3)
[   335.935] (**) Video Bus: Applying InputClass "libinput keyboard catchall"
[   335.935] (II) Using input driver 'libinput' for 'Video Bus'
[   335.936] (II) systemd-logind: got fd for /dev/input/event3 13:67 fd 27 paused 0
[   335.936] (**) Video Bus: always reports core events
[   335.936] (**) Option "Device" "/dev/input/event3"
[   335.942] (II) event3  - Video Bus: is tagged by udev as: Keyboard
[   335.942] (II) event3  - Video Bus: device is a keyboard
[   335.942] (II) event3  - Video Bus: device removed
[   335.942] (**) Option "config_info" "udev:/sys/devices/LNXSYSTM:00/LNXSYBUS:00/PNP0A03:00/LNXVIDEO:00/input/input4/event3"
[   335.942] (II) XINPUT: Adding extended input device "Video Bus" (type: KEYBOARD, id 8)
[   335.942] (**) Option "xkb_layout" "us"
[   335.944] (II) event3  - Video Bus: is tagged by udev as: Keyboard
[   335.944] (II) event3  - Video Bus: device is a keyboard
[   335.945] (II) config/udev: Adding input device VirtualBox mouse integration (/dev/input/event6)
[   335.945] (**) VirtualBox mouse integration: Applying InputClass "libinput pointer catchall"
[   335.946] (II) Using input driver 'libinput' for 'VirtualBox mouse integration'
[   335.947] (II) systemd-logind: got fd for /dev/input/event6 13:70 fd 28 paused 0
[   335.947] (**) VirtualBox mouse integration: always reports core events
[   335.947] (**) Option "Device" "/dev/input/event6"
[   335.948] (II) event6  - VirtualBox mouse integration: is tagged by udev as: Mouse
[   335.949] (II) event6  - VirtualBox mouse integration: device is a pointer
[   335.949] (II) event6  - VirtualBox mouse integration: device removed
[   335.949] (**) Option "config_info" "udev:/sys/devices/pci0000:00/0000:00:04.0/input/input7/event6"
[   335.949] (II) XINPUT: Adding extended input device "VirtualBox mouse integration" (type: MOUSE, id 9)
[   335.949] (**) Option "AccelerationScheme" "none"
[   335.949] (**) VirtualBox mouse integration: (accel) selected scheme none/0
[   335.949] (**) VirtualBox mouse integration: (accel) acceleration factor: 2.000
[   335.949] (**) VirtualBox mouse integration: (accel) acceleration threshold: 4
[   335.950] (II) event6  - VirtualBox mouse integration: is tagged by udev as: Mouse
[   335.950] (II) event6  - VirtualBox mouse integration: device is a pointer
[   335.951] (II) config/udev: Adding input device VirtualBox mouse integration (/dev/input/js1)
[   335.951] (II) No input driver specified, ignoring this device.
[   335.952] (II) This device may have been added with another device file.
[   335.952] (II) config/udev: Adding input device VirtualBox mouse integration (/dev/input/mouse2)
[   335.952] (II) No input driver specified, ignoring this device.
[   335.952] (II) This device may have been added with another device file.
[   335.954] (II) config/udev: Adding input device VirtualBox USB Tablet (/dev/input/event5)
[   335.954] (**) VirtualBox USB Tablet: Applying InputClass "libinput pointer catchall"
[   335.954] (II) Using input driver 'libinput' for 'VirtualBox USB Tablet'
[   335.955] (II) systemd-logind: got fd for /dev/input/event5 13:69 fd 29 paused 0
[   335.955] (**) VirtualBox USB Tablet: always reports core events
[   335.955] (**) Option "Device" "/dev/input/event5"
[   335.958] (II) event5  - VirtualBox USB Tablet: is tagged by udev as: Mouse
[   335.958] (II) event5  - VirtualBox USB Tablet: device is a pointer
[   335.958] (II) event5  - VirtualBox USB Tablet: device removed
[   335.958] (**) Option "config_info" "udev:/sys/devices/pci0000:00/0000:00:06.0/usb1/1-1/1-1:1.0/0003:80EE:0021.0001/input/input6/event5"
[   335.958] (II) XINPUT: Adding extended input device "VirtualBox USB Tablet" (type: MOUSE, id 10)
[   335.959] (**) Option "AccelerationScheme" "none"
[   335.959] (**) VirtualBox USB Tablet: (accel) selected scheme none/0
[   335.959] (**) VirtualBox USB Tablet: (accel) acceleration factor: 2.000
[   335.959] (**) VirtualBox USB Tablet: (accel) acceleration threshold: 4
[   335.961] (II) event5  - VirtualBox USB Tablet: is tagged by udev as: Mouse
[   335.961] (II) event5  - VirtualBox USB Tablet: device is a pointer
[   335.963] (II) config/udev: Adding input device VirtualBox USB Tablet (/dev/input/js0)
[   335.963] (II) No input driver specified, ignoring this device.
[   335.963] (II) This device may have been added with another device file.
[   335.964] (II) config/udev: Adding input device VirtualBox USB Tablet (/dev/input/mouse1)
[   335.964] (II) No input driver specified, ignoring this device.
[   335.964] (II) This device may have been added with another device file.
[   335.966] (II) config/udev: Adding input device AT Translated Set 2 keyboard (/dev/input/event2)
[   335.966] (**) AT Translated Set 2 keyboard: Applying InputClass "libinput keyboard catchall"
[   335.966] (II) Using input driver 'libinput' for 'AT Translated Set 2 keyboard'
[   335.967] (II) systemd-logind: got fd for /dev/input/event2 13:66 fd 30 paused 0
[   335.967] (**) AT Translated Set 2 keyboard: always reports core events
[   335.967] (**) Option "Device" "/dev/input/event2"
[   335.968] (II) event2  - AT Translated Set 2 keyboard: is tagged by udev as: Keyboard
[   335.969] (II) event2  - AT Translated Set 2 keyboard: device is a keyboard
[   335.969] (II) event2  - AT Translated Set 2 keyboard: device removed
[   335.969] (**) Option "config_info" "udev:/sys/devices/platform/i8042/serio0/input/input2/event2"
[   335.970] (II) XINPUT: Adding extended input device "AT Translated Set 2 keyboard" (type: KEYBOARD, id 11)
[   335.970] (**) Option "xkb_layout" "us"
[   335.971] (II) event2  - AT Translated Set 2 keyboard: is tagged by udev as: Keyboard
[   335.971] (II) event2  - AT Translated Set 2 keyboard: device is a keyboard
[   335.973] (II) config/udev: Adding input device ImExPS/2 Generic Explorer Mouse (/dev/input/event4)
[   335.973] (**) ImExPS/2 Generic Explorer Mouse: Applying InputClass "libinput pointer catchall"
[   335.973] (II) Using input driver 'libinput' for 'ImExPS/2 Generic Explorer Mouse'
[   335.974] (II) systemd-logind: got fd for /dev/input/event4 13:68 fd 31 paused 0
[   335.974] (**) ImExPS/2 Generic Explorer Mouse: always reports core events
[   335.974] (**) Option "Device" "/dev/input/event4"
[   335.976] (II) event4  - ImExPS/2 Generic Explorer Mouse: is tagged by udev as: Mouse
[   335.976] (II) event4  - ImExPS/2 Generic Explorer Mouse: device is a pointer
[   335.976] (II) event4  - ImExPS/2 Generic Explorer Mouse: device removed
[   335.977] (**) Option "config_info" "udev:/sys/devices/platform/i8042/serio1/input/input5/event4"
[   335.977] (II) XINPUT: Adding extended input device "ImExPS/2 Generic Explorer Mouse" (type: MOUSE, id 12)
[   335.977] (**) Option "AccelerationScheme" "none"
[   335.977] (**) ImExPS/2 Generic Explorer Mouse: (accel) selected scheme none/0
[   335.977] (**) ImExPS/2 Generic Explorer Mouse: (accel) acceleration factor: 2.000
[   335.977] (**) ImExPS/2 Generic Explorer Mouse: (accel) acceleration threshold: 4
[   335.978] (II) event4  - ImExPS/2 Generic Explorer Mouse: is tagged by udev as: Mouse
[   335.978] (II) event4  - ImExPS/2 Generic Explorer Mouse: device is a pointer
[   335.979] (II) config/udev: Adding input device ImExPS/2 Generic Explorer Mouse (/dev/input/mouse0)
[   335.979] (II) No input driver specified, ignoring this device.
[   335.979] (II) This device may have been added with another device file.
